0 info it worked if it ends with ok
1 verbose cli [ '/usr/local/bin/node', '/usr/local/bin/npm', 'publish' ]
2 info using npm@3.10.10
3 info using node@v6.11.2
4 verbose publish [ '.' ]
5 silly cache add args [ '.', null ]
6 verbose cache add spec .
7 silly cache add parsed spec Result {
7 silly cache add   raw: '.',
7 silly cache add   scope: null,
7 silly cache add   escapedName: null,
7 silly cache add   name: null,
7 silly cache add   rawSpec: '.',
7 silly cache add   spec: '/Users/davidchan/Documents/exmple/testnpm',
7 silly cache add   type: 'directory' }
8 verbose addLocalDirectory /Users/davidchan/.npm/testnpm/1.0.0/package.tgz not in flight; packing
9 verbose correctMkdir /Users/davidchan/.npm correctMkdir not in flight; initializing
10 info lifecycle testnpm@1.0.0~prepublish: testnpm@1.0.0
11 silly lifecycle testnpm@1.0.0~prepublish: no script for prepublish, continuing
12 verbose tar pack [ '/Users/davidchan/.npm/testnpm/1.0.0/package.tgz',
12 verbose tar pack   '/Users/davidchan/Documents/exmple/testnpm' ]
13 verbose tarball /Users/davidchan/.npm/testnpm/1.0.0/package.tgz
14 verbose folder /Users/davidchan/Documents/exmple/testnpm
15 verbose addLocalTarball adding from inside cache /Users/davidchan/.npm/testnpm/1.0.0/package.tgz
16 verbose correctMkdir /Users/davidchan/.npm correctMkdir not in flight; initializing
17 silly cache afterAdd testnpm@1.0.0
18 verbose afterAdd /Users/davidchan/.npm/testnpm/1.0.0/package/package.json not in flight; writing
19 verbose correctMkdir /Users/davidchan/.npm correctMkdir not in flight; initializing
20 verbose afterAdd /Users/davidchan/.npm/testnpm/1.0.0/package/package.json written
21 silly publish { name: 'testnpm',
21 silly publish   version: '1.0.0',
21 silly publish   description: '测试发布组件',
21 silly publish   main: 'index.js',
21 silly publish   dependencies: { react: '^16.4.1', 'react-dom': '^16.4.1' },
21 silly publish   devDependencies:
21 silly publish    { 'babel-core': '^6.26.3',
21 silly publish      'babel-loader': '^7.1.5',
21 silly publish      'babel-preset-env': '^1.7.0',
21 silly publish      'babel-preset-react': '^6.24.1',
21 silly publish      'css-loader': '^1.0.0',
21 silly publish      'extract-text-webpack-plugin': '^3.0.2',
21 silly publish      'html-webpack-banner-plugin': '^1.0.0',
21 silly publish      'html-webpack-plugin': '^3.2.0',
21 silly publish      'mini-css-extract-plugin': '^0.4.1',
21 silly publish      'style-loader': '^0.21.0',
21 silly publish      webpack: '^4.16.1',
21 silly publish      'webpack-cli': '^3.1.0',
21 silly publish      'webpack-dev-server': '^3.1.4' },
21 silly publish   scripts:
21 silly publish    { start: 'webpack',
21 silly publish      dev: 'webpack --mode development',
21 silly publish      build: 'babel src -d lib',
21 silly publish      server: 'webpack-dev-server --open' },
21 silly publish   repository:
21 silly publish    { type: 'git',
21 silly publish      url: 'git+https://github.com/davidChan3000/testnpm.git' },
21 silly publish   author: '',
21 silly publish   license: 'ISC',
21 silly publish   bugs: { url: 'https://github.com/davidChan3000/testnpm/issues' },
21 silly publish   homepage: 'https://github.com/davidChan3000/testnpm#readme',
21 silly publish   gitHead: 'c900c4fae6d4759cf17c6b4be4db0d67b06573f1',
21 silly publish   readme: 'ERROR: No README data found!',
21 silly publish   _id: 'testnpm@1.0.0',
21 silly publish   _shasum: '04400a3a7a2b564697524c4150fb9ffec11678f5',
21 silly publish   _from: '.' }
22 verbose getPublishConfig undefined
23 silly mapToRegistry name testnpm
24 silly mapToRegistry using default registry
25 silly mapToRegistry registry https://registry.npm.taobao.org/
26 silly mapToRegistry data Result {
26 silly mapToRegistry   raw: 'testnpm',
26 silly mapToRegistry   scope: null,
26 silly mapToRegistry   escapedName: 'testnpm',
26 silly mapToRegistry   name: 'testnpm',
26 silly mapToRegistry   rawSpec: '',
26 silly mapToRegistry   spec: 'latest',
26 silly mapToRegistry   type: 'tag' }
27 silly mapToRegistry uri https://registry.npm.taobao.org/testnpm
28 verbose publish registryBase https://registry.npm.taobao.org/
29 silly publish uploading /Users/davidchan/.npm/testnpm/1.0.0/package.tgz
30 verbose request uri https://registry.npm.taobao.org/testnpm
31 verbose request sending authorization for write operation
32 info attempt registry request try #1 at 15:04:02
33 verbose request id 56d4935dd46123de
34 http request PUT https://registry.npm.taobao.org/testnpm
35 http 403 https://registry.npm.taobao.org/testnpm
36 verbose headers { date: 'Thu, 26 Jul 2018 07:04:03 GMT',
36 verbose headers   'content-type': 'application/json; charset=utf-8',
36 verbose headers   'transfer-encoding': 'chunked',
36 verbose headers   connection: 'keep-alive',
36 verbose headers   'x-current-requests': '1',
36 verbose headers   'x-readtime': '13',
36 verbose headers   'content-encoding': 'gzip' }
37 verbose request invalidating /Users/davidchan/.npm/registry.npm.taobao.org/testnpm on PUT
38 error publish Failed PUT 403
39 verbose stack Error: no_perms Private mode enable, only admin can publish this module: testnpm
39 verbose stack     at makeError (/usr/local/lib/node_modules/npm/node_modules/npm-registry-client/lib/request.js:302:12)
39 verbose stack     at CachingRegistryClient.<anonymous> (/usr/local/lib/node_modules/npm/node_modules/npm-registry-client/lib/request.js:290:14)
39 verbose stack     at /usr/local/lib/node_modules/npm/node_modules/npm-registry-client/lib/request.js:216:7
39 verbose stack     at Gunzip.onEnd (zlib.js:227:5)
39 verbose stack     at emitNone (events.js:91:20)
39 verbose stack     at Gunzip.emit (events.js:185:7)
39 verbose stack     at endReadableNT (_stream_readable.js:974:12)
39 verbose stack     at _combinedTickCallback (internal/process/next_tick.js:80:11)
39 verbose stack     at process._tickCallback (internal/process/next_tick.js:104:9)
40 verbose statusCode 403
41 verbose pkgid testnpm
42 verbose cwd /Users/davidchan/Documents/exmple/testnpm
43 error Darwin 16.6.0
44 error argv "/usr/local/bin/node" "/usr/local/bin/npm" "publish"
45 error node v6.11.2
46 error npm  v3.10.10
47 error code E403
48 error no_perms Private mode enable, only admin can publish this module: testnpm
49 error If you need help, you may report this error at:
49 error     <https://github.com/npm/npm/issues>
50 verbose exit [ 1, true ]
